<?xml version="1.0" encoding="UTF-8"?>
<testng-results ignored="0" total="1" passed="1" failed="0" skipped="0">
  <reporter-output>
  </reporter-output>
  <suite started-at="2024-08-21T08:07:49 IST" name="Default suite" finished-at="2024-08-21T08:08:06 IST" duration-ms="17854">
    <groups>
    </groups>
    <test started-at="2024-08-21T08:07:49 IST" name="Default test" finished-at="2024-08-21T08:08:06 IST" duration-ms="17854">
      <class name="testcases.FirstTest">
        <test-method is-config="true" signature="setUp()[pri:0, instance:testcases.FirstTest@dd05255]" started-at="2024-08-21T08:07:49 IST" name="setUp" finished-at="2024-08-21T08:07:58 IST" duration-ms="9886" status="PASS">
          <reporter-output>
          </reporter-output>
        </test-method> <!-- setUp -->
        <test-method signature="Logintest()[pri:0, instance:testcases.FirstTest@dd05255]" started-at="2024-08-21T08:07:58 IST" name="Logintest" finished-at="2024-08-21T08:08:06 IST" duration-ms="7112" status="PASS">
          <reporter-output>
          </reporter-output>
        </test-method> <!-- Logintest -->
        <test-method is-config="true" signature="tearDown()[pri:0, instance:testcases.FirstTest@dd05255]" started-at="2024-08-21T08:08:06 IST" name="tearDown" finished-at="2024-08-21T08:08:06 IST" duration-ms="805" status="PASS">
          <reporter-output>
          </reporter-output>
        </test-method> <!-- tearDown -->
      </class> <!-- testcases.FirstTest -->
    </test> <!-- Default test -->
  </suite> <!-- Default suite -->
</testng-results>
