<?xml version="1.0" encoding="UTF-8"?>
<testng-results ignored="0" total="2" passed="2" failed="0" skipped="0">
  <reporter-output>
  </reporter-output>
  <suite started-at="2024-08-28T08:07:41 IST" name="Suite" finished-at="2024-08-28T08:08:19 IST" duration-ms="37809">
    <groups>
    </groups>
    <test started-at="2024-08-28T08:07:41 IST" name="Test" finished-at="2024-08-28T08:08:19 IST" duration-ms="37809">
      <class name="testcases.FirstTest">
        <test-method is-config="true" signature="setUp()[pri:0, instance:testcases.FirstTest@5fe94a96]" started-at="2024-08-28T08:07:42 IST" name="setUp" finished-at="2024-08-28T08:07:50 IST" duration-ms="8519" status="PASS">
          <reporter-output>
          </reporter-output>
        </test-method> <!-- setUp -->
        <test-method signature="Logintest(java.lang.String,java.lang.String)[pri:0, instance:testcases.FirstTest@5fe94a96]" started-at="2024-08-28T08:07:50 IST" name="Logintest" data-provider="testdata" finished-at="2024-08-28T08:08:01 IST" duration-ms="10456" status="PASS">
          <params>
            <param index="0">
              <value>
                <![CDATA[demo@lumenore.com]]>
              </value>
            </param>
            <param index="1">
              <value>
                <![CDATA[BjAAA!111aaa]]>
              </value>
            </param>
          </params>
          <reporter-output>
          </reporter-output>
        </test-method> <!-- Logintest -->
        <test-method is-config="true" signature="tearDown()[pri:0, instance:testcases.FirstTest@5fe94a96]" started-at="2024-08-28T08:08:01 IST" name="tearDown" finished-at="2024-08-28T08:08:02 IST" duration-ms="871" status="PASS">
          <reporter-output>
          </reporter-output>
        </test-method> <!-- tearDown -->
        <test-method is-config="true" signature="setUp()[pri:0, instance:testcases.FirstTest@5fe94a96]" started-at="2024-08-28T08:08:02 IST" name="setUp" finished-at="2024-08-28T08:08:08 IST" duration-ms="5804" status="PASS">
          <reporter-output>
          </reporter-output>
        </test-method> <!-- setUp -->
        <test-method signature="Logintest(java.lang.String,java.lang.String)[pri:0, instance:testcases.FirstTest@5fe94a96]" started-at="2024-08-28T08:08:08 IST" name="Logintest" data-provider="testdata" finished-at="2024-08-28T08:08:18 IST" duration-ms="10403" status="PASS">
          <params>
            <param index="0">
              <value>
                <![CDATA[fouzanj@lumenore.com]]>
              </value>
            </param>
            <param index="1">
              <value>
                <![CDATA[AAA!111aaa]]>
              </value>
            </param>
          </params>
          <reporter-output>
          </reporter-output>
        </test-method> <!-- Logintest -->
        <test-method is-config="true" signature="tearDown()[pri:0, instance:testcases.FirstTest@5fe94a96]" started-at="2024-08-28T08:08:18 IST" name="tearDown" finished-at="2024-08-28T08:08:19 IST" duration-ms="746" status="PASS">
          <reporter-output>
          </reporter-output>
        </test-method> <!-- tearDown -->
      </class> <!-- testcases.FirstTest -->
    </test> <!-- Test -->
  </suite> <!-- Suite -->
</testng-results>
